Дата и время вызова: 2023-10-15 16:54:38.212802
Имя функции: hello_world
Аргументы: (), {}
Возвращаемое значение: Hello World
------------------
Дата и время вызова: 2023-10-15 16:54:38.212802
Имя функции: summator
Аргументы: (2, 2), {}
Возвращаемое значение: 4
------------------
Дата и время вызова: 2023-10-15 16:54:38.212802
Имя функции: div
Аргументы: (6, 2), {}
Возвращаемое значение: 3.0
------------------
Дата и время вызова: 2023-10-15 16:54:38.214282
Имя функции: summator
Аргументы: (4.3,), {'b': 2.2}
Возвращаемое значение: 6.5
------------------
