Дата и время вызова: 2023-10-15 16:53:24.156956 
Имя функции: hello_world 
Аргументы: () , {} 
Возвращаемое значение: Hello World 
------------------
Дата и время вызова: 2023-10-15 16:53:24.156956 
Имя функции: summator 
Аргументы: (2, 2) , {} 
Возвращаемое значение: 4 
------------------
Дата и время вызова: 2023-10-15 16:53:24.156956 
Имя функции: div 
Аргументы: (6, 2) , {} 
Возвращаемое значение: 3.0 
------------------
Дата и время вызова: 2023-10-15 16:53:24.156956 
Имя функции: summator 
Аргументы: (4.3,) , {'b': 2.2} 
Возвращаемое значение: 6.5 
------------------
Дата и время вызова: 2023-10-15 16:53:24.156956 
Имя функции: summator 
Аргументы: () , {'a': 0, 'b': 0} 
Возвращаемое значение: 0 
------------------
Дата и время вызова: 2023-10-15 17:17:58.508547 
Имя функции: rate_lecturer 
Аргументы: (<__main__.Student object at 0x0000026E0D074850>, <__main__.Lecturer object at 0x0000026E0D0519D0>, 'Python', 8) , {} 
Возвращаемое значение: None 
------------------
Дата и время вызова: 2023-10-15 17:17:58.508547 
Имя функции: rate_lecturer 
Аргументы: (<__main__.Student object at 0x0000026E0D074150>, <__main__.Lecturer object at 0x0000026E0D0519D0>, 'Python', 8) , {} 
Возвращаемое значение: None 
------------------
Дата и время вызова: 2023-10-15 17:17:58.508547 
Имя функции: rate_lecturer 
Аргументы: (<__main__.Student object at 0x0000026E0D050AD0>, <__main__.Lecturer object at 0x0000026E0D051A50>, 'JavaS', 9) , {} 
Возвращаемое значение: None 
------------------
Дата и время вызова: 2023-10-15 17:17:58.508547 
Имя функции: rate_lecturer 
Аргументы: (<__main__.Student object at 0x0000026E0D050E10>, <__main__.Lecturer object at 0x0000026E0D051A50>, 'JavaS', 10) , {} 
Возвращаемое значение: None 
------------------
